SF:lib/shared/exceptions/api_exception.dart
DA:4,1
DA:6,0
DA:7,0
LF:3
LH:1
end_of_record
SF:lib/shared/http_client/http_client.dart
DA:7,1
DA:9,1
DA:11,3
DA:12,2
DA:13,2
DA:15,1
DA:17,1
DA:21,1
DA:26,3
DA:30,2
DA:31,2
DA:33,1
DA:35,1
LF:13
LH:13
end_of_record
SF:lib/screens/categories/application/categories_state.dart
DA:13,2
DA:19,2
LF:2
LH:2
end_of_record
SF:lib/screens/categories/application/categories_cubit.dart
DA:10,1
DA:11,0
DA:12,2
DA:14,1
DA:15,2
DA:16,3
DA:17,1
DA:18,3
DA:19,3
LF:9
LH:8
end_of_record
SF:lib/screens/categories/infrastructure/categories_facade.dart
DA:7,1
DA:8,0
DA:10,1
DA:12,3
DA:13,1
DA:14,1
DA:17,1
DA:19,2
LF:8
LH:7
end_of_record
SF:lib/screens/categories/infrastructure/remote/categories_api.dart
DA:6,1
DA:8,1
DA:9,3
DA:12,1
LF:4
LH:4
end_of_record
SF:lib/screens/login/application/login_state.dart
DA:15,1
LF:1
LH:1
end_of_record
SF:lib/screens/login/application/login_cubit.dart
DA:10,1
DA:11,0
DA:12,2
DA:14,1
DA:18,2
DA:19,3
DA:23,1
DA:24,3
DA:25,3
LF:9
LH:8
end_of_record
SF:lib/screens/login/infrastructure/login_facade.dart
DA:9,1
DA:12,0
DA:14,0
DA:16,1
DA:21,3
DA:25,0
DA:26,3
DA:27,1
DA:29,2
LF:9
LH:6
end_of_record
SF:lib/screens/cart/application/cart_state.dart
DA:11,0
LF:1
LH:0
end_of_record
SF:lib/screens/cart/application/cart_cubit.dart
DA:11,0
DA:12,0
DA:13,0
DA:15,0
DA:16,0
DA:17,0
DA:18,0
DA:19,0
DA:23,0
DA:24,0
DA:25,0
DA:26,0
DA:27,0
DA:31,0
DA:32,0
DA:33,0
DA:34,0
DA:35,0
LF:18
LH:0
end_of_record
SF:lib/screens/cart/infrastructure/cart_facade.dart
DA:8,0
DA:10,0
DA:12,0
DA:14,0
DA:15,0
DA:16,0
DA:18,0
DA:22,0
DA:24,0
DA:25,0
DA:26,0
DA:28,0
DA:30,0
DA:34,0
DA:36,0
DA:37,0
DA:39,0
LF:17
LH:0
end_of_record
SF:lib/screens/products/domain/product.dart
DA:16,0
DA:17,0
LF:2
LH:0
end_of_record
SF:lib/screens/products/domain/product.g.dart
DA:9,0
DA:10,0
DA:11,0
DA:12,0
DA:13,0
DA:14,0
DA:17,0
DA:18,0
DA:19,0
DA:20,0
DA:21,0
DA:22,0
DA:23,0
LF:13
LH:0
end_of_record
SF:lib/screens/cart/infrastructure/local/cart_product_storage_provider.dart
DA:6,0
DA:10,0
DA:11,0
DA:14,0
DA:15,0
DA:16,0
DA:19,0
DA:22,0
DA:25,0
DA:26,0
DA:29,0
DA:30,0
DA:31,0
LF:13
LH:0
end_of_record
SF:lib/screens/cart/presentation/cart_button.dart
DA:6,5
DA:8,0
DA:10,0
DA:11,0
DA:12,0
DA:13,0
DA:18,0
DA:19,0
DA:20,0
DA:31,5
DA:34,0
DA:36,0
DA:38,0
DA:41,0
DA:43,0
DA:45,0
DA:46,0
DA:47,0
LF:18
LH:2
end_of_record
SF:lib/screens/cart/presentation/cart_wrapper_page.dart
DA:8,5
DA:10,0
DA:12,0
DA:13,0
DA:18,0
LF:5
LH:1
end_of_record
SF:lib/screens/categories/presentation/categories_page.dart
DA:8,6
DA:10,0
DA:12,0
DA:13,0
DA:18,1
DA:20,1
DA:21,1
DA:24,1
DA:25,1
DA:26,1
DA:27,1
DA:28,1
DA:29,1
DA:30,2
DA:31,2
DA:33,0
DA:34,0
DA:37,1
DA:41,1
DA:42,3
LF:20
LH:15
end_of_record
SF:lib/shared/routing/app_router.gr.dart
DA:16,0
DA:20,0
DA:21,0
DA:22,0
DA:24,0
DA:25,0
DA:27,0
DA:29,0
DA:30,0
DA:32,0
DA:34,0
DA:35,0
DA:36,0
DA:38,0
DA:39,0
DA:43,0
DA:44,0
DA:45,0
DA:46,0
DA:48,0
DA:49,0
DA:51,0
DA:60,0
DA:68,5
DA:69,0
DA:78,5
DA:79,0
DA:87,0
DA:88,0
DA:90,0
DA:96,0
DA:102,0
DA:104,0
LF:33
LH:2
end_of_record
SF:lib/screens/login/infrastructure/local/user_token_storage_provider.dart
DA:6,0
DA:7,0
DA:8,0
DA:11,0
DA:12,0
DA:13,0
DA:16,0
DA:19,0
DA:20,0
DA:21,0
LF:10
LH:0
end_of_record
SF:lib/screens/login/infrastructure/remote/login_api.dart
DA:6,1
DA:8,1
DA:12,3
DA:14,1
DA:19,1
DA:20,1
LF:6
LH:6
end_of_record
SF:lib/screens/login/presentation/login_button.dart
DA:8,1
DA:11,1
DA:13,1
DA:15,2
DA:16,1
DA:20,1
DA:28,1
DA:29,1
DA:30,1
DA:31,0
DA:32,0
DA:35,1
DA:36,1
LF:13
LH:11
end_of_record
SF:lib/screens/login/presentation/login_form.dart
DA:7,5
DA:9,0
DA:10,0
DA:19,0
DA:21,0
DA:22,0
DA:23,0
DA:25,0
DA:28,0
DA:29,0
DA:30,0
DA:32,0
DA:33,0
DA:40,0
DA:41,0
DA:43,0
DA:45,0
DA:52,0
DA:53,0
DA:54,0
DA:56,0
DA:57,0
DA:58,0
LF:23
LH:1
end_of_record
SF:lib/screens/login/presentation/login_page.dart
DA:9,5
DA:11,0
DA:13,0
DA:14,0
DA:19,0
DA:21,0
DA:22,0
DA:23,0
DA:24,0
DA:29,0
DA:30,0
LF:11
LH:1
end_of_record
SF:lib/screens/products/application/products_state.dart
DA:13,0
DA:19,0
LF:2
LH:0
end_of_record
SF:lib/screens/products/application/products_cubit.dart
DA:13,0
DA:16,0
DA:17,0
DA:19,0
DA:20,0
DA:21,0
DA:22,0
DA:23,0
DA:24,0
LF:9
LH:0
end_of_record
SF:lib/screens/products/infrastructure/products_facade.dart
DA:8,0
DA:9,0
DA:11,0
DA:14,0
DA:15,0
DA:16,0
DA:17,0
DA:19,0
DA:23,0
DA:24,0
DA:25,0
DA:26,0
DA:27,0
DA:28,0
DA:29,0
LF:15
LH:0
end_of_record
SF:lib/screens/products/infrastructure/remote/products_api.dart
DA:6,0
DA:8,0
DA:11,0
DA:12,0
DA:14,0
LF:5
LH:0
end_of_record
SF:lib/screens/products/presentation/add_to_cart_button.dart
DA:9,0
DA:12,0
DA:14,0
DA:16,0
DA:17,0
DA:18,0
DA:19,0
DA:20,0
DA:21,0
DA:22,0
DA:24,0
DA:25,0
DA:26,0
DA:32,0
DA:33,0
DA:34,0
DA:35,0
DA:37,0
DA:38,0
LF:19
LH:0
end_of_record
SF:lib/screens/products/presentation/product_list_item.dart
DA:8,0
DA:11,0
DA:13,0
DA:15,0
DA:17,0
DA:20,0
DA:21,0
DA:24,0
DA:25,0
DA:27,0
DA:28,0
DA:30,0
DA:31,0
DA:33,0
DA:34,0
DA:35,0
DA:38,0
LF:17
LH:0
end_of_record
SF:lib/screens/products/presentation/products_page.dart
DA:10,0
DA:12,0
DA:14,0
DA:15,0
DA:20,0
DA:22,0
DA:23,0
DA:24,0
DA:26,0
DA:27,0
DA:28,0
DA:29,0
DA:30,0
DA:31,0
DA:32,0
DA:36,0
DA:37,0
LF:17
LH:0
end_of_record
